TN:
SF:src/Presale.sol
FN:63,Presale.endPresalePrematurely
FNDA:2,Presale.endPresalePrematurely
DA:64,2
DA:64,2
BRDA:64,0,0,1
BRDA:64,0,1,1
DA:64,1
DA:65,1
DA:65,1
DA:67,1
DA:67,1
FN:70,Presale.buyPresaleToken
FNDA:15,Presale.buyPresaleToken
DA:71,15
DA:71,15
DA:71,15
DA:71,14
BRDA:71,1,0,2
BRDA:71,1,1,13
DA:71,2
DA:72,13
DA:72,13
DA:72,13
BRDA:72,2,0,2
BRDA:72,2,1,11
DA:72,2
DA:74,11
DA:74,11
DA:75,11
DA:75,11
DA:76,11
DA:76,11
DA:78,11
DA:78,11
FN:81,Presale.buyToken
FNDA:6,Presale.buyToken
DA:82,6
DA:82,6
DA:82,6
DA:82,6
DA:82,4
BRDA:82,3,0,3
BRDA:82,3,1,3
DA:82,3
DA:84,3
DA:84,3
DA:84,3
DA:84,3
BRDA:84,4,0,2
BRDA:84,4,1,1
DA:84,2
DA:86,1
DA:86,1
DA:88,1
DA:88,1
FN:91,Presale.claimTokens
FNDA:6,Presale.claimTokens
DA:92,6
DA:92,6
DA:92,6
DA:92,6
DA:92,4
BRDA:92,5,0,3
BRDA:92,5,1,3
DA:92,3
DA:94,3
DA:94,3
DA:94,3
DA:95,3
DA:95,3
DA:95,3
DA:95,3
DA:95,3
DA:98,3
DA:98,3
BRDA:98,6,0,2
BRDA:98,6,1,1
DA:98,2
DA:100,1
DA:100,1
DA:101,1
DA:101,1
DA:103,1
DA:103,1
DA:105,1
DA:105,1
FN:108,Presale.redeem
FNDA:4,Presale.redeem
DA:109,4
DA:109,4
DA:109,4
BRDA:109,7,0,2
BRDA:109,7,1,2
DA:109,2
DA:111,2
DA:111,2
DA:112,2
DA:112,2
DA:112,2
DA:114,2
DA:114,2
DA:116,2
DA:116,2
DA:118,2
DA:118,2
DA:118,2
DA:119,2
DA:119,2
BRDA:119,8,0,1
BRDA:119,8,1,1
DA:119,1
FN:122,Presale.isStarted
FNDA:1,Presale.isStarted
DA:123,16
DA:123,16
DA:123,16
FN:126,Presale.isEnded
FNDA:3,Presale.isEnded
DA:127,29
DA:127,29
DA:127,29
FN:130,Presale.isClaimable
FNDA:4,Presale.isClaimable
DA:131,20
DA:131,20
DA:131,20
DA:131,20
FN:135,Presale.createLiquidityPool
FNDA:6,Presale.createLiquidityPool
DA:136,5
DA:136,5
DA:136,5
DA:136,5
BRDA:136,9,0,3
BRDA:136,9,1,2
DA:136,3
DA:138,2
DA:138,2
DA:140,2
DA:140,2
DA:140,2
DA:142,2
DA:142,2
DA:142,2
DA:142,2
DA:142,2
DA:143,2
DA:143,2
DA:145,2
DA:145,2
DA:145,2
DA:147,2
DA:147,2
DA:148,2
DA:148,2
DA:148,2
DA:150,2
DA:150,2
DA:151,2
DA:151,2
DA:152,2
DA:152,2
DA:154,2
DA:154,2
DA:155,2
DA:155,2
DA:156,2
DA:156,2
BRDA:156,10,0,1
BRDA:156,10,1,1
DA:156,1
DA:158,1
DA:158,1
FN:161,Presale.terminatePresale
FNDA:8,Presale.terminatePresale
DA:162,7
DA:162,7
BRDA:162,11,0,2
BRDA:162,11,1,5
DA:162,2
DA:163,5
BRDA:163,12,0,1
BRDA:163,12,1,4
DA:163,1
DA:164,4
BRDA:164,13,0,1
BRDA:164,13,1,3
DA:164,1
DA:166,3
DA:166,3
DA:168,3
DA:168,3
FN:171,Presale.setWebsiteURL
FNDA:2,Presale.setWebsiteURL
DA:172,1
DA:172,1
DA:174,1
DA:174,1
FN:177,Presale.setDocsURL
FNDA:2,Presale.setDocsURL
DA:178,1
DA:178,1
DA:180,1
DA:180,1
FN:183,Presale.setPresaleInfoURL
FNDA:2,Presale.setPresaleInfoURL
DA:184,1
DA:184,1
DA:186,1
DA:186,1
FNF:13
FNH:13
LF:57
LH:57
BRF:28
BRH:28
end_of_record
TN:
SF:src/PresaleFactory.sol
FN:13,PresaleFactory.createPresale
FNDA:3,PresaleFactory.createPresale
DA:21,3
DA:21,3
DA:21,3
FNF:1
FNH:1
LF:1
LH:1
BRF:0
BRH:0
end_of_record
TN:
SF:src/PresalePlatform.sol
FN:28,PresalePlatform.createPresale
FNDA:2,PresalePlatform.createPresale
DA:36,2
DA:36,2
DA:36,2
DA:39,2
DA:39,2
DA:41,2
DA:41,2
DA:43,2
DA:43,2
FN:46,PresalePlatform.updatePresale
FNDA:3,PresalePlatform.updatePresale
DA:47,3
DA:47,3
BRDA:47,0,0,-
BRDA:47,0,1,1
DA:48,1
DA:48,1
DA:50,1
DA:50,1
DA:51,2
DA:51,2
BRDA:51,1,0,-
BRDA:51,1,1,1
DA:52,1
DA:52,1
DA:54,1
DA:54,1
FN:59,PresalePlatform.setProtocolFee
FNDA:3,PresalePlatform.setProtocolFee
DA:60,2
DA:60,2
BRDA:60,2,0,1
BRDA:60,2,1,1
DA:60,1
DA:62,1
DA:62,1
DA:64,1
DA:64,1
FN:67,PresalePlatform.setProtocolFeeAddress
FNDA:3,PresalePlatform.setProtocolFeeAddress
DA:68,2
DA:68,2
DA:68,2
BRDA:68,3,0,1
BRDA:68,3,1,1
DA:68,1
DA:70,1
DA:70,1
DA:72,1
DA:72,1
FN:75,PresalePlatform.setPresaleFactory
FNDA:3,PresalePlatform.setPresaleFactory
DA:76,2
DA:76,2
DA:76,2
DA:76,2
BRDA:76,4,0,1
BRDA:76,4,1,1
DA:76,1
DA:78,1
DA:78,1
DA:80,1
DA:80,1
FNF:5
FNH:5
LF:19
LH:19
BRF:10
BRH:8
end_of_record
TN:
SF:test/Presale.t.sol
FN:15,MockPresalePlatform.setProtocolFeeAddress
FNDA:4,MockPresalePlatform.setProtocolFeeAddress
DA:16,4
DA:16,4
FNF:1
FNH:1
LF:1
LH:1
BRF:0
BRH:0
end_of_record
