TN:
SF:src/Presale.sol
FN:96,Presale.endPresalePrematurely
FNDA:2,Presale.endPresalePrematurely
DA:97,2
DA:97,2
BRDA:97,0,0,1
BRDA:97,0,1,1
DA:97,1
DA:98,1
DA:98,1
DA:100,1
DA:100,1
FN:103,Presale.buyPresaleToken
FNDA:15,Presale.buyPresaleToken
DA:104,15
DA:104,15
DA:104,15
DA:104,14
BRDA:104,1,0,2
BRDA:104,1,1,13
DA:104,2
DA:105,13
DA:105,13
DA:105,13
BRDA:105,2,0,2
BRDA:105,2,1,11
DA:105,2
DA:107,11
DA:107,11
DA:108,11
DA:108,11
DA:109,11
DA:109,11
DA:111,11
DA:111,11
FN:114,Presale.buyToken
FNDA:6,Presale.buyToken
DA:115,6
DA:115,6
DA:115,6
DA:115,6
DA:115,4
BRDA:115,3,0,3
BRDA:115,3,1,3
DA:115,3
DA:117,3
DA:117,3
DA:117,3
DA:117,3
BRDA:117,4,0,2
BRDA:117,4,1,1
DA:117,2
DA:119,1
DA:119,1
DA:121,1
DA:121,1
FN:124,Presale.claimTokens
FNDA:6,Presale.claimTokens
DA:125,6
DA:125,6
DA:125,6
DA:125,6
DA:125,4
BRDA:125,5,0,3
BRDA:125,5,1,3
DA:125,3
DA:127,3
DA:127,3
DA:127,3
DA:128,3
DA:128,3
DA:128,3
DA:128,3
DA:128,3
DA:131,3
DA:131,3
BRDA:131,6,0,2
BRDA:131,6,1,1
DA:131,2
DA:133,1
DA:133,1
DA:134,1
DA:134,1
DA:136,1
DA:136,1
DA:138,1
DA:138,1
FN:141,Presale.redeem
FNDA:4,Presale.redeem
DA:142,4
DA:142,4
DA:142,4
BRDA:142,7,0,2
BRDA:142,7,1,2
DA:142,2
DA:144,2
DA:144,2
DA:145,2
DA:145,2
DA:145,2
DA:147,2
DA:147,2
DA:149,2
DA:149,2
DA:151,2
DA:151,2
DA:151,2
DA:152,2
DA:152,2
BRDA:152,8,0,1
BRDA:152,8,1,1
DA:152,1
FN:155,Presale.isStarted
FNDA:1,Presale.isStarted
DA:156,16
DA:156,16
DA:156,16
FN:159,Presale.isEnded
FNDA:3,Presale.isEnded
DA:160,29
DA:160,29
DA:160,29
FN:163,Presale.isClaimable
FNDA:4,Presale.isClaimable
DA:164,20
DA:164,20
DA:164,20
DA:164,20
FN:168,Presale.createLiquidityPool
FNDA:6,Presale.createLiquidityPool
DA:169,5
DA:169,5
DA:169,5
DA:169,5
BRDA:169,9,0,3
BRDA:169,9,1,2
DA:169,3
DA:171,2
DA:171,2
DA:173,2
DA:173,2
DA:173,2
DA:175,2
DA:175,2
DA:175,2
DA:175,2
DA:175,2
DA:176,2
DA:176,2
DA:178,2
DA:178,2
DA:178,2
DA:180,2
DA:180,2
DA:181,2
DA:181,2
DA:181,2
DA:183,2
DA:183,2
DA:184,2
DA:184,2
DA:185,2
DA:185,2
DA:187,2
DA:187,2
DA:188,2
DA:188,2
DA:189,2
DA:189,2
BRDA:189,10,0,1
BRDA:189,10,1,1
DA:189,1
DA:191,1
DA:191,1
FN:194,Presale.terminatePresale
FNDA:8,Presale.terminatePresale
DA:195,7
DA:195,7
BRDA:195,11,0,2
BRDA:195,11,1,5
DA:195,2
DA:196,5
BRDA:196,12,0,1
BRDA:196,12,1,4
DA:196,1
DA:197,4
BRDA:197,13,0,1
BRDA:197,13,1,3
DA:197,1
DA:199,3
DA:199,3
DA:201,3
DA:201,3
FN:204,Presale.setWebsiteURL
FNDA:2,Presale.setWebsiteURL
DA:205,1
DA:205,1
DA:207,1
DA:207,1
FN:210,Presale.setDocsURL
FNDA:2,Presale.setDocsURL
DA:211,1
DA:211,1
DA:213,1
DA:213,1
FN:216,Presale.setPresaleInfoURL
FNDA:2,Presale.setPresaleInfoURL
DA:217,1
DA:217,1
DA:219,1
DA:219,1
FNF:13
FNH:13
LF:57
LH:57
BRF:28
BRH:28
end_of_record
TN:
SF:src/PresaleFactory.sol
FN:11,PresaleFactory.createPresale
FNDA:3,PresaleFactory.createPresale
DA:19,3
DA:19,3
DA:19,3
FNF:1
FNH:1
LF:1
LH:1
BRF:0
BRH:0
end_of_record
TN:
SF:src/PresalePlatform.sol
FN:46,PresalePlatform.createPresale
FNDA:2,PresalePlatform.createPresale
DA:54,2
DA:54,2
DA:54,2
DA:57,2
DA:57,2
DA:59,2
DA:59,2
DA:61,2
DA:61,2
FN:64,PresalePlatform.updatePresale
FNDA:3,PresalePlatform.updatePresale
DA:65,3
DA:65,3
BRDA:65,0,0,-
BRDA:65,0,1,1
DA:66,1
DA:66,1
DA:68,1
DA:68,1
DA:69,2
DA:69,2
BRDA:69,1,0,-
BRDA:69,1,1,1
DA:70,1
DA:70,1
DA:72,1
DA:72,1
FN:77,PresalePlatform.setProtocolFee
FNDA:3,PresalePlatform.setProtocolFee
DA:78,2
DA:78,2
BRDA:78,2,0,1
BRDA:78,2,1,1
DA:78,1
DA:80,1
DA:80,1
DA:82,1
DA:82,1
FN:85,PresalePlatform.setProtocolFeeAddress
FNDA:3,PresalePlatform.setProtocolFeeAddress
DA:86,2
DA:86,2
DA:86,2
BRDA:86,3,0,1
BRDA:86,3,1,1
DA:86,1
DA:88,1
DA:88,1
DA:90,1
DA:90,1
FN:93,PresalePlatform.setPresaleFactory
FNDA:3,PresalePlatform.setPresaleFactory
DA:94,2
DA:94,2
DA:94,2
DA:94,2
BRDA:94,4,0,1
BRDA:94,4,1,1
DA:94,1
DA:96,1
DA:96,1
DA:98,1
DA:98,1
FNF:5
FNH:5
LF:19
LH:19
BRF:10
BRH:8
end_of_record
TN:
SF:test/Presale.t.sol
FN:14,MockPresalePlatform.setProtocolFeeAddress
FNDA:4,MockPresalePlatform.setProtocolFeeAddress
DA:15,4
DA:15,4
FNF:1
FNH:1
LF:1
LH:1
BRF:0
BRH:0
end_of_record
